<?xml version="1.0" encoding="UTF-8"?>
<!-- Generated by org.testng.reporters.JUnitReportReporter -->
<testsuite skipped="0" hostname="CDC2-D-CJ8NXJ2" name="case_study.Automation.OnlineShoppingTest" tests="4" failures="0" timestamp="24 Sep 2019 08:37:35 GMT" time="33.328" errors="0">
  <testcase name="testRegistration" time="17.525" classname="case_study.Automation.OnlineShoppingTest"/>
  <testcase name="testLogin" time="3.255" classname="case_study.Automation.OnlineShoppingTest"/>
  <testcase name="testCart" time="2.141" classname="case_study.Automation.OnlineShoppingTest"/>
  <testcase name="testPayment" time="10.407" classname="case_study.Automation.OnlineShoppingTest"/>
</testsuite> <!-- case_study.Automation.OnlineShoppingTest -->
